<?xml version="1.0" encoding="UTF-8"?>
<testng-results ignored="0" total="2" passed="2" failed="0" skipped="0">
  <reporter-output>
  </reporter-output>
  <suite started-at="2022-08-24T03:01:45 IST" name="Suite" finished-at="2022-08-24T03:02:04 IST" duration-ms="18791">
    <groups>
      <group name="regression">
        <method signature="LoginTest.verifyLogin()[pri:2, instance:mainJava.LoginTest@3c7f66c4]" name="verifyLogin" class="mainJava.LoginTest"/>
      </group> <!-- regression -->
      <group name="smoke">
        <method signature="LoginTest.verifyLogin()[pri:2, instance:mainJava.LoginTest@3c7f66c4]" name="verifyLogin" class="mainJava.LoginTest"/>
      </group> <!-- smoke -->
    </groups>
    <test started-at="2022-08-24T03:01:45 IST" name="Test" finished-at="2022-08-24T03:02:04 IST" duration-ms="18791">
      <class name="mainJava.LoginTest">
        <test-method is-config="true" signature="launchBrowser()[pri:0, instance:mainJava.LoginTest@3c7f66c4]" started-at="2022-08-24T03:01:45 IST" name="launchBrowser" finished-at="2022-08-24T03:01:50 IST" duration-ms="5608" status="PASS">
          <reporter-output>
          </reporter-output>
        </test-method> <!-- launchBrowser -->
        <test-method is-config="true" signature="pageObjects()[pri:0, instance:mainJava.LoginTest@3c7f66c4]" started-at="2022-08-24T03:01:50 IST" name="pageObjects" finished-at="2022-08-24T03:01:50 IST" duration-ms="16" status="PASS">
          <reporter-output>
          </reporter-output>
        </test-method> <!-- pageObjects -->
        <test-method signature="verifyLogin()[pri:2, instance:mainJava.LoginTest@3c7f66c4]" started-at="2022-08-24T03:01:51 IST" name="verifyLogin" finished-at="2022-08-24T03:01:54 IST" duration-ms="3438" status="PASS">
          <reporter-output>
          </reporter-output>
        </test-method> <!-- verifyLogin -->
        <test-method is-config="true" signature="tearDownEnvironment()[pri:0, instance:mainJava.LoginTest@3c7f66c4]" started-at="2022-08-24T03:01:54 IST" name="tearDownEnvironment" finished-at="2022-08-24T03:01:55 IST" duration-ms="714" status="PASS">
          <reporter-output>
          </reporter-output>
        </test-method> <!-- tearDownEnvironment -->
      </class> <!-- mainJava.LoginTest -->
      <class name="mainJava.PimTest">
        <test-method is-config="true" signature="launchBrowser()[pri:0, instance:mainJava.PimTest@3e11f9e9]" started-at="2022-08-24T03:01:55 IST" name="launchBrowser" finished-at="2022-08-24T03:01:59 IST" duration-ms="4613" status="PASS">
          <reporter-output>
          </reporter-output>
        </test-method> <!-- launchBrowser -->
        <test-method is-config="true" signature="pageObjects()[pri:0, instance:mainJava.PimTest@3e11f9e9]" started-at="2022-08-24T03:01:59 IST" name="pageObjects" finished-at="2022-08-24T03:01:59 IST" duration-ms="1" status="PASS">
          <reporter-output>
          </reporter-output>
        </test-method> <!-- pageObjects -->
        <test-method is-config="true" signature="login()[pri:0, instance:mainJava.PimTest@3e11f9e9]" started-at="2022-08-24T03:01:59 IST" name="login" finished-at="2022-08-24T03:02:00 IST" duration-ms="554" status="PASS">
          <reporter-output>
          </reporter-output>
        </test-method> <!-- login -->
        <test-method signature="VerifyPimPage()[pri:3, instance:mainJava.PimTest@3e11f9e9]" started-at="2022-08-24T03:02:00 IST" name="VerifyPimPage" finished-at="2022-08-24T03:02:03 IST" duration-ms="3083" status="PASS">
          <reporter-output>
          </reporter-output>
        </test-method> <!-- VerifyPimPage -->
        <test-method is-config="true" signature="tearDownEnvironment()[pri:0, instance:mainJava.PimTest@3e11f9e9]" started-at="2022-08-24T03:02:03 IST" name="tearDownEnvironment" finished-at="2022-08-24T03:02:04 IST" duration-ms="717" status="PASS">
          <reporter-output>
          </reporter-output>
        </test-method> <!-- tearDownEnvironment -->
      </class> <!-- mainJava.PimTest -->
    </test> <!-- Test -->
  </suite> <!-- Suite -->
</testng-results>
